This file contains any messages produced by compilers while
running configure, to aid debugging if configure makes a mistake.

It was created by calcurse configure 4.5.1, which was
generated by GNU Autoconf 2.69.  Invocation command line was

  $ ./configure 

## --------- ##
## Platform. ##
## --------- ##

hostname = ubuntu
uname -m = x86_64
uname -r = 4.15.0-29-generic
uname -s = Linux
uname -v = #31~16.04.1-Ubuntu SMP Wed Jul 18 08:54:04 UTC 2018

/usr/bin/uname -p = unknown
/bin/uname -X     = unknown

/bin/arch              = unknown
/usr/bin/arch -k       = unknown
/usr/convex/getsysinfo = unknown
/usr/bin/hostinfo      = unknown
/bin/machine           = unknown
/usr/bin/oslevel       = unknown
/bin/universe          = unknown

PATH: /usr/local/sbin
PATH: /usr/local/bin
PATH: /usr/sbin
PATH: /usr/bin
PATH: /sbin
PATH: /bin
PATH: /snap/bin


## ----------- ##
## Core tests. ##
## ----------- ##

configure:2256: checking for a BSD-compatible install
configure:2324: result: /usr/bin/install -c
configure:2335: checking whether build environment is sane
configure:2390: result: yes
configure:2541: checking for a thread-safe mkdir -p
configure:2580: result: /bin/mkdir -p
configure:2587: checking for gawk
configure:2617: result: no
configure:2587: checking for mawk
configure:2603: found /usr/bin/mawk
configure:2614: result: mawk
configure:2625: checking whether make sets $(MAKE)
configure:2647: result: yes
configure:2676: checking whether make supports nested variables
configure:2693: result: yes
configure:2834: checking whether NLS is requested
configure:2843: result: yes
configure:2881: checking for msgfmt
configure:2912: result: /usr/bin/msgfmt
configure:2921: checking for gmsgfmt
configure:2952: result: /usr/bin/msgfmt
configure:2992: checking for xgettext
configure:3023: result: /usr/bin/xgettext
configure:3063: checking for msgmerge
configure:3093: result: /usr/bin/msgmerge
configure:3156: checking for style of include used by make
configure:3184: result: GNU
configure:3255: checking for gcc
configure:3271: found /usr/bin/gcc
configure:3282: result: gcc
configure:3511: checking for C compiler version
configure:3520: gcc --version >&5
gcc (Ubuntu 5.4.0-6ubuntu1~16.04.10) 5.4.0 20160609
Copyright (C) 2015 Free Software Foundation, Inc.
This is free software; see the source for copying conditions.  There is NO
warranty; not even for MERCHANTABILITY or FITNESS FOR A PARTICULAR PURPOSE.

configure:3531: $? = 0
configure:3520: gcc -v >&5
Using built-in specs.
COLLECT_GCC=gcc
COLLECT_LTO_WRAPPER=/usr/lib/gcc/x86_64-linux-gnu/5/lto-wrapper
Target: x86_64-linux-gnu
Configured with: ../src/configure -v --with-pkgversion='Ubuntu 5.4.0-6ubuntu1~16.04.10' --with-bugurl=file:///usr/share/doc/gcc-5/README.Bugs --enable-languages=c,ada,c++,java,go,d,fortran,objc,obj-c++ --prefix=/usr --program-suffix=-5 --enable-shared --enable-linker-build-id --libexecdir=/usr/lib --without-included-gettext --enable-threads=posix --libdir=/usr/lib --enable-nls --with-sysroot=/ --enable-clocale=gnu --enable-libstdcxx-debug --enable-libstdcxx-time=yes --with-default-libstdcxx-abi=new --enable-gnu-unique-object --disable-vtable-verify --enable-libmpx --enable-plugin --with-system-zlib --disable-browser-plugin --enable-java-awt=gtk --enable-gtk-cairo --with-java-home=/usr/lib/jvm/java-1.5.0-gcj-5-amd64/jre --enable-java-home --with-jvm-root-dir=/usr/lib/jvm/java-1.5.0-gcj-5-amd64 --with-jvm-jar-dir=/usr/lib/jvm-exports/java-1.5.0-gcj-5-amd64 --with-arch-directory=amd64 --with-ecj-jar=/usr/share/java/eclipse-ecj.jar --enable-objc-gc --enable-multiarch --disable-werror --with-arch-32=i686 --with-abi=m64 --with-multilib-list=m32,m64,mx32 --enable-multilib --with-tune=generic --enable-checking=release --build=x86_64-linux-gnu --host=x86_64-linux-gnu --target=x86_64-linux-gnu
Thread model: posix
gcc version 5.4.0 20160609 (Ubuntu 5.4.0-6ubuntu1~16.04.10) 
configure:3531: $? = 0
configure:3520: gcc -V >&5
gcc: error: unrecognized command line option '-V'
gcc: fatal error: no input files
compilation terminated.
configure:3531: $? = 1
configure:3520: gcc -qversion >&5
gcc: error: unrecognized command line option '-qversion'
gcc: fatal error: no input files
compilation terminated.
configure:3531: $? = 1
configure:3551: checking whether the C compiler works
configure:3573: gcc    conftest.c  >&5
configure:3577: $? = 0
configure:3625: result: yes
configure:3628: checking for C compiler default output file name
configure:3630: result: a.out
configure:3636: checking for suffix of executables
configure:3643: gcc -o conftest    conftest.c  >&5
configure:3647: $? = 0
configure:3669: result: 
configure:3691: checking whether we are cross compiling
configure:3699: gcc -o conftest    conftest.c  >&5
configure:3703: $? = 0
configure:3710: ./conftest
configure:3714: $? = 0
configure:3729: result: no
configure:3734: checking for suffix of object files
configure:3756: gcc -c   conftest.c >&5
configure:3760: $? = 0
configure:3781: result: o
configure:3785: checking whether we are using the GNU C compiler
configure:3804: gcc -c   conftest.c >&5
configure:3804: $? = 0
configure:3813: result: yes
configure:3822: checking whether gcc accepts -g
configure:3842: gcc -c -g  conftest.c >&5
configure:3842: $? = 0
configure:3883: result: yes
configure:3900: checking for gcc option to accept ISO C89
configure:3963: gcc  -c -g -O2  conftest.c >&5
configure:3963: $? = 0
configure:3976: result: none needed
configure:4001: checking whether gcc understands -c and -o together
configure:4023: gcc -c conftest.c -o conftest2.o
configure:4026: $? = 0
configure:4023: gcc -c conftest.c -o conftest2.o
configure:4026: $? = 0
configure:4038: result: yes
configure:4057: checking dependency style of gcc
configure:4168: result: gcc3
configure:4187: checking build system type
configure:4201: result: x86_64-pc-linux-gnu
configure:4221: checking host system type
configure:4234: result: x86_64-pc-linux-gnu
configure:4278: checking for ld used by GCC
configure:4342: result: /usr/bin/ld
configure:4349: checking if the linker (/usr/bin/ld) is GNU ld
configure:4362: result: yes
configure:4368: checking for shared library run path origin
configure:4381: result: done
configure:4798: checking whether NLS is requested
configure:4807: result: yes
configure:4825: checking for GNU gettext in libc
configure:4844: gcc -o conftest -g -O2   conftest.c  >&5
conftest.c: In function 'main':
conftest.c:18:8: warning: cast from pointer to integer of different size [-Wpointer-to-int-cast]
 return (int) gettext ("") + _nl_msg_cat_cntr + *_nl_domain_bindings
        ^
configure:4844: $? = 0
configure:4852: result: yes
configure:5432: checking whether to use NLS
configure:5434: result: yes
configure:5437: checking where the gettext function comes from
configure:5448: result: libc
configure:5564: checking for gcc
configure:5591: result: gcc
configure:5820: checking for C compiler version
configure:5829: gcc --version >&5
gcc (Ubuntu 5.4.0-6ubuntu1~16.04.10) 5.4.0 20160609
Copyright (C) 2015 Free Software Foundation, Inc.
This is free software; see the source for copying conditions.  There is NO
warranty; not even for MERCHANTABILITY or FITNESS FOR A PARTICULAR PURPOSE.

configure:5840: $? = 0
configure:5829: gcc -v >&5
Using built-in specs.
COLLECT_GCC=gcc
COLLECT_LTO_WRAPPER=/usr/lib/gcc/x86_64-linux-gnu/5/lto-wrapper
Target: x86_64-linux-gnu
Configured with: ../src/configure -v --with-pkgversion='Ubuntu 5.4.0-6ubuntu1~16.04.10' --with-bugurl=file:///usr/share/doc/gcc-5/README.Bugs --enable-languages=c,ada,c++,java,go,d,fortran,objc,obj-c++ --prefix=/usr --program-suffix=-5 --enable-shared --enable-linker-build-id --libexecdir=/usr/lib --without-included-gettext --enable-threads=posix --libdir=/usr/lib --enable-nls --with-sysroot=/ --enable-clocale=gnu --enable-libstdcxx-debug --enable-libstdcxx-time=yes --with-default-libstdcxx-abi=new --enable-gnu-unique-object --disable-vtable-verify --enable-libmpx --enable-plugin --with-system-zlib --disable-browser-plugin --enable-java-awt=gtk --enable-gtk-cairo --with-java-home=/usr/lib/jvm/java-1.5.0-gcj-5-amd64/jre --enable-java-home --with-jvm-root-dir=/usr/lib/jvm/java-1.5.0-gcj-5-amd64 --with-jvm-jar-dir=/usr/lib/jvm-exports/java-1.5.0-gcj-5-amd64 --with-arch-directory=amd64 --with-ecj-jar=/usr/share/java/eclipse-ecj.jar --enable-objc-gc --enable-multiarch --disable-werror --with-arch-32=i686 --with-abi=m64 --with-multilib-list=m32,m64,mx32 --enable-multilib --with-tune=generic --enable-checking=release --build=x86_64-linux-gnu --host=x86_64-linux-gnu --target=x86_64-linux-gnu
Thread model: posix
gcc version 5.4.0 20160609 (Ubuntu 5.4.0-6ubuntu1~16.04.10) 
configure:5840: $? = 0
configure:5829: gcc -V >&5
gcc: error: unrecognized command line option '-V'
gcc: fatal error: no input files
compilation terminated.
configure:5840: $? = 1
configure:5829: gcc -qversion >&5
gcc: error: unrecognized command line option '-qversion'
gcc: fatal error: no input files
compilation terminated.
configure:5840: $? = 1
configure:5844: checking whether we are using the GNU C compiler
configure:5872: result: yes
configure:5881: checking whether gcc accepts -g
configure:5942: result: yes
configure:5959: checking for gcc option to accept ISO C89
configure:6035: result: none needed
configure:6060: checking whether gcc understands -c and -o together
configure:6097: result: yes
configure:6116: checking dependency style of gcc
configure:6227: result: gcc3
configure:6250: checking how to run the C preprocessor
configure:6281: gcc -E  conftest.c
configure:6281: $? = 0
configure:6295: gcc -E  conftest.c
conftest.c:14:28: fatal error: ac_nonexistent.h: No such file or directory
compilation terminated.
configure:6295: $? = 1
configure: failed program was:
| /* confdefs.h */
| #define PACKAGE_NAME "calcurse"
| #define PACKAGE_TARNAME "calcurse"
| #define PACKAGE_VERSION "4.5.1"
| #define PACKAGE_STRING "calcurse 4.5.1"
| #define PACKAGE_BUGREPORT "bugs@calcurse.org"
| #define PACKAGE_URL ""
| #define PACKAGE "calcurse"
| #define VERSION "4.5.1"
| #define ENABLE_NLS 1
| #define HAVE_GETTEXT 1
| #define HAVE_DCGETTEXT 1
| /* end confdefs.h.  */
| #include <ac_nonexistent.h>
configure:6320: result: gcc -E
configure:6340: gcc -E  conftest.c
configure:6340: $? = 0
configure:6354: gcc -E  conftest.c
conftest.c:14:28: fatal error: ac_nonexistent.h: No such file or directory
compilation terminated.
configure:6354: $? = 1
configure: failed program was:
| /* confdefs.h */
| #define PACKAGE_NAME "calcurse"
| #define PACKAGE_TARNAME "calcurse"
| #define PACKAGE_VERSION "4.5.1"
| #define PACKAGE_STRING "calcurse 4.5.1"
| #define PACKAGE_BUGREPORT "bugs@calcurse.org"
| #define PACKAGE_URL ""
| #define PACKAGE "calcurse"
| #define VERSION "4.5.1"
| #define ENABLE_NLS 1
| #define HAVE_GETTEXT 1
| #define HAVE_DCGETTEXT 1
| /* end confdefs.h.  */
| #include <ac_nonexistent.h>
configure:6383: checking for grep that handles long lines and -e
configure:6441: result: /bin/grep
configure:6446: checking for egrep
configure:6508: result: /bin/grep -E
configure:6513: checking for ANSI C header files
configure:6533: gcc -c -g -O2  conftest.c >&5
configure:6533: $? = 0
configure:6606: gcc -o conftest -g -O2   conftest.c  >&5
configure:6606: $? = 0
configure:6606: ./conftest
configure:6606: $? = 0
configure:6617: result: yes
configure:6630: checking for sys/types.h
configure:6630: gcc -c -g -O2  conftest.c >&5
configure:6630: $? = 0
configure:6630: result: yes
configure:6630: checking for sys/stat.h
configure:6630: gcc -c -g -O2  conftest.c >&5
configure:6630: $? = 0
configure:6630: result: yes
configure:6630: checking for stdlib.h
configure:6630: gcc -c -g -O2  conftest.c >&5
configure:6630: $? = 0
configure:6630: result: yes
configure:6630: checking for string.h
configure:6630: gcc -c -g -O2  conftest.c >&5
configure:6630: $? = 0
configure:6630: result: yes
configure:6630: checking for memory.h
configure:6630: gcc -c -g -O2  conftest.c >&5
configure:6630: $? = 0
configure:6630: result: yes
configure:6630: checking for strings.h
configure:6630: gcc -c -g -O2  conftest.c >&5
configure:6630: $? = 0
configure:6630: result: yes
configure:6630: checking for inttypes.h
configure:6630: gcc -c -g -O2  conftest.c >&5
configure:6630: $? = 0
configure:6630: result: yes
configure:6630: checking for stdint.h
configure:6630: gcc -c -g -O2  conftest.c >&5
configure:6630: $? = 0
configure:6630: result: yes
configure:6630: checking for unistd.h
configure:6630: gcc -c -g -O2  conftest.c >&5
configure:6630: $? = 0
configure:6630: result: yes
configure:6647: checking ctype.h usability
configure:6647: gcc -c -g -O2  conftest.c >&5
configure:6647: $? = 0
configure:6647: result: yes
configure:6647: checking ctype.h presence
configure:6647: gcc -E  conftest.c
configure:6647: $? = 0
configure:6647: result: yes
configure:6647: checking for ctype.h
configure:6647: result: yes
configure:6647: checking getopt.h usability
configure:6647: gcc -c -g -O2  conftest.c >&5
configure:6647: $? = 0
configure:6647: result: yes
configure:6647: checking getopt.h presence
configure:6647: gcc -E  conftest.c
configure:6647: $? = 0
configure:6647: result: yes
configure:6647: checking for getopt.h
configure:6647: result: yes
configure:6647: checking locale.h usability
configure:6647: gcc -c -g -O2  conftest.c >&5
configure:6647: $? = 0
configure:6647: result: yes
configure:6647: checking locale.h presence
configure:6647: gcc -E  conftest.c
configure:6647: $? = 0
configure:6647: result: yes
configure:6647: checking for locale.h
configure:6647: result: yes
configure:6647: checking math.h usability
configure:6647: gcc -c -g -O2  conftest.c >&5
configure:6647: $? = 0
configure:6647: result: yes
configure:6647: checking math.h presence
configure:6647: gcc -E  conftest.c
configure:6647: $? = 0
configure:6647: result: yes
configure:6647: checking for math.h
configure:6647: result: yes
configure:6647: checking signal.h usability
configure:6647: gcc -c -g -O2  conftest.c >&5
configure:6647: $? = 0
configure:6647: result: yes
configure:6647: checking signal.h presence
configure:6647: gcc -E  conftest.c
configure:6647: $? = 0
configure:6647: result: yes
configure:6647: checking for signal.h
configure:6647: result: yes
configure:6647: checking stdio.h usability
configure:6647: gcc -c -g -O2  conftest.c >&5
configure:6647: $? = 0
configure:6647: result: yes
configure:6647: checking stdio.h presence
configure:6647: gcc -E  conftest.c
configure:6647: $? = 0
configure:6647: result: yes
configure:6647: checking for stdio.h
configure:6647: result: yes
configure:6647: checking for stdlib.h
configure:6647: result: yes
configure:6647: checking for string.h
configure:6647: result: yes
configure:6647: checking for sys/stat.h
configure:6647: result: yes
configure:6647: checking for sys/types.h
configure:6647: result: yes
configure:6647: checking sys/wait.h usability
configure:6647: gcc -c -g -O2  conftest.c >&5
configure:6647: $? = 0
configure:6647: result: yes
configure:6647: checking sys/wait.h presence
configure:6647: gcc -E  conftest.c
configure:6647: $? = 0
configure:6647: result: yes
configure:6647: checking for sys/wait.h
configure:6647: result: yes
configure:6647: checking time.h usability
configure:6647: gcc -c -g -O2  conftest.c >&5
configure:6647: $? = 0
configure:6647: result: yes
configure:6647: checking time.h presence
configure:6647: gcc -E  conftest.c
configure:6647: $? = 0
configure:6647: result: yes
configure:6647: checking for time.h
configure:6647: result: yes
configure:6647: checking for unistd.h
configure:6647: result: yes
configure:6647: checking fcntl.h usability
configure:6647: gcc -c -g -O2  conftest.c >&5
configure:6647: $? = 0
configure:6647: result: yes
configure:6647: checking fcntl.h presence
configure:6647: gcc -E  conftest.c
configure:6647: $? = 0
configure:6647: result: yes
configure:6647: checking for fcntl.h
configure:6647: result: yes
configure:6647: checking paths.h usability
configure:6647: gcc -c -g -O2  conftest.c >&5
configure:6647: $? = 0
configure:6647: result: yes
configure:6647: checking paths.h presence
configure:6647: gcc -E  conftest.c
configure:6647: $? = 0
configure:6647: result: yes
configure:6647: checking for paths.h
configure:6647: result: yes
configure:6647: checking errno.h usability
configure:6647: gcc -c -g -O2  conftest.c >&5
configure:6647: $? = 0
configure:6647: result: yes
configure:6647: checking errno.h presence
configure:6647: gcc -E  conftest.c
configure:6647: $? = 0
configure:6647: result: yes
configure:6647: checking for errno.h
configure:6647: result: yes
configure:6647: checking limits.h usability
configure:6647: gcc -c -g -O2  conftest.c >&5
configure:6647: $? = 0
configure:6647: result: yes
configure:6647: checking limits.h presence
configure:6647: gcc -E  conftest.c
configure:6647: $? = 0
configure:6647: result: yes
configure:6647: checking for limits.h
configure:6647: result: yes
configure:6647: checking regex.h usability
configure:6647: gcc -c -g -O2  conftest.c >&5
configure:6647: $? = 0
configure:6647: result: yes
configure:6647: checking regex.h presence
configure:6647: gcc -E  conftest.c
configure:6647: $? = 0
configure:6647: result: yes
configure:6647: checking for regex.h
configure:6647: result: yes
configure:6660: checking for initscr
configure:6660: gcc -o conftest -g -O2   conftest.c  >&5
/tmp/ccE9fBVJ.o: In function `main':
/home/kisa/Downloads/calcurse-pu/conftest.c:76: undefined reference to `initscr'
collect2: error: ld returned 1 exit status
configure:6660: $? = 1
configure: failed program was:
| /* confdefs.h */
| #define PACKAGE_NAME "calcurse"
| #define PACKAGE_TARNAME "calcurse"
| #define PACKAGE_VERSION "4.5.1"
| #define PACKAGE_STRING "calcurse 4.5.1"
| #define PACKAGE_BUGREPORT "bugs@calcurse.org"
| #define PACKAGE_URL ""
| #define PACKAGE "calcurse"
| #define VERSION "4.5.1"
| #define ENABLE_NLS 1
| #define HAVE_GETTEXT 1
| #define HAVE_DCGETTEXT 1
| #define STDC_HEADERS 1
| #define HAVE_SYS_TYPES_H 1
| #define HAVE_SYS_STAT_H 1
| #define HAVE_STDLIB_H 1
| #define HAVE_STRING_H 1
| #define HAVE_MEMORY_H 1
| #define HAVE_STRINGS_H 1
| #define HAVE_INTTYPES_H 1
| #define HAVE_STDINT_H 1
| #define HAVE_UNISTD_H 1
| #define HAVE_CTYPE_H 1
| #define HAVE_GETOPT_H 1
| #define HAVE_LOCALE_H 1
| #define HAVE_MATH_H 1
| #define HAVE_SIGNAL_H 1
| #define HAVE_STDIO_H 1
| #define HAVE_STDLIB_H 1
| #define HAVE_STRING_H 1
| #define HAVE_SYS_STAT_H 1
| #define HAVE_SYS_TYPES_H 1
| #define HAVE_SYS_WAIT_H 1
| #define HAVE_TIME_H 1
| #define HAVE_UNISTD_H 1
| #define HAVE_FCNTL_H 1
| #define HAVE_PATHS_H 1
| #define HAVE_ERRNO_H 1
| #define HAVE_LIMITS_H 1
| #define HAVE_REGEX_H 1
| /* end confdefs.h.  */
| /* Define initscr to an innocuous variant, in case <limits.h> declares initscr.
|    For example, HP-UX 11i <limits.h> declares gettimeofday.  */
| #define initscr innocuous_initscr
| 
| /* System header to define __stub macros and hopefully few prototypes,
|     which can conflict with char initscr (); below.
|     Prefer <limits.h> to <assert.h> if __STDC__ is defined, since
|     <limits.h> exists even on freestanding compilers.  */
| 
| #ifdef __STDC__
| # include <limits.h>
| #else
| # include <assert.h>
| #endif
| 
| #undef initscr
| 
| /* Override any GCC internal prototype to avoid an error.
|    Use char because int might match the return type of a GCC
|    builtin and then its argument prototype would still apply.  */
| #ifdef __cplusplus
| extern "C"
| #endif
| char initscr ();
| /* The GNU C library defines this for functions which it implements
|     to always fail with ENOSYS.  Some functions are actually named
|     something starting with __ and the normal name is an alias.  */
| #if defined __stub_initscr || defined __stub___initscr
| choke me
| #endif
| 
| int
| main ()
| {
| return initscr ();
|   ;
|   return 0;
| }
configure:6660: result: no
configure:6669: checking for initscr in -lncursesw
configure:6694: gcc -o conftest -g -O2   conftest.c -lncursesw   >&5
configure:6694: $? = 0
configure:6704: result: yes
configure:6716: checking ncursesw/ncurses.h usability
configure:6716: gcc -c -g -O2  conftest.c >&5
configure:6716: $? = 0
configure:6716: result: yes
configure:6716: checking ncursesw/ncurses.h presence
configure:6716: gcc -E  conftest.c
configure:6716: $? = 0
configure:6716: result: yes
configure:6716: checking for ncursesw/ncurses.h
configure:6716: result: yes
configure:6777: checking pthread.h usability
configure:6777: gcc -c -g -O2  conftest.c >&5
configure:6777: $? = 0
configure:6777: result: yes
configure:6777: checking pthread.h presence
configure:6777: gcc -E  conftest.c
configure:6777: $? = 0
configure:6777: result: yes
configure:6777: checking for pthread.h
configure:6777: result: yes
configure:6783: checking for pthread_create in -lpthread
configure:6808: gcc -o conftest -g -O2   conftest.c -lpthread   -lncursesw >&5
configure:6808: $? = 0
configure:6817: result: yes
configure:6840: checking for math.h
configure:6840: result: yes
configure:6846: checking for exp in -lm
configure:6871: gcc -o conftest -g -O2   conftest.c -lm   -lncursesw -pthread >&5
conftest.c:53:6: warning: conflicting types for built-in function 'exp'
 char exp ();
      ^
configure:6871: $? = 0
configure:6880: result: yes
configure:6915: checking whether to include documentation
configure:6917: result: yes
configure:6939: checking for asciidoc
configure:6957: found /usr/bin/asciidoc
configure:6969: result: /usr/bin/asciidoc
configure:6992: checking for a2x
configure:7010: found /usr/bin/a2x
configure:7022: result: /usr/bin/a2x
configure:7173: checking if memory debug should be used
configure:7175: result: no
configure:7299: checking that generated files are newer than configure
configure:7305: result: done
configure:7348: creating ./config.status

## ---------------------- ##
## Running config.status. ##
## ---------------------- ##

This file was extended by calcurse config.status 4.5.1, which was
generated by GNU Autoconf 2.69.  Invocation command line was

  CONFIG_FILES    = 
  CONFIG_HEADERS  = 
  CONFIG_LINKS    = 
  CONFIG_COMMANDS = 
  $ ./config.status 

on ubuntu

config.status:926: creating Makefile
config.status:926: creating doc/Makefile
config.status:926: creating src/Makefile
config.status:926: creating test/Makefile
config.status:926: creating scripts/Makefile
config.status:926: creating po/Makefile.in
config.status:926: creating po/Makefile
config.status:926: creating contrib/caldav/Makefile
config.status:926: creating contrib/vdir/Makefile
config.status:926: creating config.h
config.status:1155: executing default-1 commands
config.status:1155: executing depfiles commands

## ---------------- ##
## Cache variables. ##
## ---------------- ##

ac_cv_build=x86_64-pc-linux-gnu
ac_cv_c_compiler_gnu=yes
ac_cv_env_CC_set=
ac_cv_env_CC_value=
ac_cv_env_CFLAGS_set=
ac_cv_env_CFLAGS_value=
ac_cv_env_CPPFLAGS_set=
ac_cv_env_CPPFLAGS_value=
ac_cv_env_CPP_set=
ac_cv_env_CPP_value=
ac_cv_env_LDFLAGS_set=
ac_cv_env_LDFLAGS_value=
ac_cv_env_LIBS_set=
ac_cv_env_LIBS_value=
ac_cv_env_build_alias_set=
ac_cv_env_build_alias_value=
ac_cv_env_host_alias_set=
ac_cv_env_host_alias_value=
ac_cv_env_target_alias_set=
ac_cv_env_target_alias_value=
ac_cv_func_initscr=no
ac_cv_header_ctype_h=yes
ac_cv_header_errno_h=yes
ac_cv_header_fcntl_h=yes
ac_cv_header_getopt_h=yes
ac_cv_header_inttypes_h=yes
ac_cv_header_limits_h=yes
ac_cv_header_locale_h=yes
ac_cv_header_math_h=yes
ac_cv_header_memory_h=yes
ac_cv_header_ncursesw_ncurses_h=yes
ac_cv_header_paths_h=yes
ac_cv_header_pthread_h=yes
ac_cv_header_regex_h=yes
ac_cv_header_signal_h=yes
ac_cv_header_stdc=yes
ac_cv_header_stdint_h=yes
ac_cv_header_stdio_h=yes
ac_cv_header_stdlib_h=yes
ac_cv_header_string_h=yes
ac_cv_header_strings_h=yes
ac_cv_header_sys_stat_h=yes
ac_cv_header_sys_types_h=yes
ac_cv_header_sys_wait_h=yes
ac_cv_header_time_h=yes
ac_cv_header_unistd_h=yes
ac_cv_host=x86_64-pc-linux-gnu
ac_cv_lib_m_exp=yes
ac_cv_lib_ncursesw___initscr=yes
ac_cv_lib_pthread_pthread_create=yes
ac_cv_objext=o
ac_cv_path_A2X=/usr/bin/a2x
ac_cv_path_ASCIIDOC=/usr/bin/asciidoc
ac_cv_path_EGREP='/bin/grep -E'
ac_cv_path_GMSGFMT=/usr/bin/msgfmt
ac_cv_path_GREP=/bin/grep
ac_cv_path_MSGFMT=/usr/bin/msgfmt
ac_cv_path_MSGMERGE=/usr/bin/msgmerge
ac_cv_path_XGETTEXT=/usr/bin/xgettext
ac_cv_path_install='/usr/bin/install -c'
ac_cv_path_mkdir=/bin/mkdir
ac_cv_prog_AWK=mawk
ac_cv_prog_CPP='gcc -E'
ac_cv_prog_ac_ct_CC=gcc
ac_cv_prog_cc_c89=
ac_cv_prog_cc_g=yes
ac_cv_prog_make_make_set=yes
acl_cv_hardcode_direct=no
acl_cv_hardcode_libdir_flag_spec='${wl}-rpath ${wl}$libdir'
acl_cv_hardcode_libdir_separator=
acl_cv_hardcode_minus_L=no
acl_cv_libext=a
acl_cv_path_LD=/usr/bin/ld
acl_cv_prog_gnu_ld=yes
acl_cv_rpath=done
acl_cv_shlibext=so
acl_cv_wl=-Wl,
am_cv_CC_dependencies_compiler_type=gcc3
am_cv_make_support_nested_variables=yes
am_cv_prog_cc_c_o=yes
gt_cv_func_gnugettext1_libc=yes

## ----------------- ##
## Output variables. ##
## ----------------- ##

A2X='/usr/bin/a2x'
ACLOCAL='${SHELL} /home/kisa/Downloads/calcurse-pu/missing aclocal-1.15'
AMDEPBACKSLASH='\'
AMDEP_FALSE='#'
AMDEP_TRUE=''
AMTAR='$${TAR-tar}'
AM_BACKSLASH='\'
AM_DEFAULT_V='$(AM_DEFAULT_VERBOSITY)'
AM_DEFAULT_VERBOSITY='1'
AM_V='$(V)'
ASCIIDOC='/usr/bin/asciidoc'
AUTOCONF='${SHELL} /home/kisa/Downloads/calcurse-pu/missing autoconf'
AUTOHEADER='${SHELL} /home/kisa/Downloads/calcurse-pu/missing autoheader'
AUTOMAKE='${SHELL} /home/kisa/Downloads/calcurse-pu/missing automake-1.15'
AWK='mawk'
CALCURSE_MEMORY_DEBUG_FALSE=''
CALCURSE_MEMORY_DEBUG_TRUE='#'
CC='gcc'
CCDEPMODE='depmode=gcc3'
CFLAGS='-g -O2 -Wall'
CPP='gcc -E'
CPPFLAGS=''
CYGPATH_W='echo'
DEFS='-DHAVE_CONFIG_H'
DEPDIR='.deps'
ECHO_C=''
ECHO_N='-n'
ECHO_T=''
EGREP='/bin/grep -E'
ENABLE_DOCS_FALSE='#'
ENABLE_DOCS_TRUE=''
EXEEXT=''
GMSGFMT='/usr/bin/msgfmt'
GREP='/bin/grep'
HAVE_A2X_FALSE='#'
HAVE_A2X_TRUE=''
HAVE_ASCIIDOC_FALSE='#'
HAVE_ASCIIDOC_TRUE=''
INSTALL_DATA='${INSTALL} -m 644'
INSTALL_PROGRAM='${INSTALL}'
INSTALL_SCRIPT='${INSTALL}'
INSTALL_STRIP_PROGRAM='$(install_sh) -c -s'
INTLLIBS=''
LDFLAGS=''
LIBICONV='-liconv'
LIBINTL=''
LIBOBJS=''
LIBS=' -lncursesw -pthread -lm'
LTLIBICONV='-liconv'
LTLIBINTL=''
LTLIBOBJS=''
MAKEINFO='${SHELL} /home/kisa/Downloads/calcurse-pu/missing makeinfo'
MKDIR_P='/bin/mkdir -p'
MKINSTALLDIRS='$(top_builddir)/./mkinstalldirs'
MSGFMT='/usr/bin/msgfmt'
MSGMERGE='/usr/bin/msgmerge'
OBJEXT='o'
PACKAGE='calcurse'
PACKAGE_BUGREPORT='bugs@calcurse.org'
PACKAGE_NAME='calcurse'
PACKAGE_STRING='calcurse 4.5.1'
PACKAGE_TARNAME='calcurse'
PACKAGE_URL=''
PACKAGE_VERSION='4.5.1'
PATH_SEPARATOR=':'
POSUB='po'
SET_MAKE=''
SHELL='/bin/bash'
STRIP=''
USE_NLS='yes'
VERSION='4.5.1'
XGETTEXT='/usr/bin/xgettext'
ac_ct_CC='gcc'
am__EXEEXT_FALSE=''
am__EXEEXT_TRUE='#'
am__fastdepCC_FALSE='#'
am__fastdepCC_TRUE=''
am__include='include'
am__isrc=''
am__leading_dot='.'
am__nodep='_no'
am__quote=''
am__tar='$${TAR-tar} chof - "$$tardir"'
am__untar='$${TAR-tar} xf -'
bindir='${exec_prefix}/bin'
build='x86_64-pc-linux-gnu'
build_alias=''
build_cpu='x86_64'
build_os='linux-gnu'
build_vendor='pc'
datadir='${datarootdir}'
datarootdir='${prefix}/share'
docdir='${datarootdir}/doc/${PACKAGE_TARNAME}'
dvidir='${docdir}'
exec_prefix='${prefix}'
host='x86_64-pc-linux-gnu'
host_alias=''
host_cpu='x86_64'
host_os='linux-gnu'
host_vendor='pc'
htmldir='${docdir}'
includedir='${prefix}/include'
infodir='${datarootdir}/info'
install_sh='${SHELL} /home/kisa/Downloads/calcurse-pu/install-sh'
libdir='${exec_prefix}/lib'
libexecdir='${exec_prefix}/libexec'
localedir='${datarootdir}/locale'
localstatedir='${prefix}/var'
mandir='${datarootdir}/man'
mkdir_p='$(MKDIR_P)'
oldincludedir='/usr/include'
pdfdir='${docdir}'
prefix='/usr/local'
program_transform_name='s,x,x,'
psdir='${docdir}'
runstatedir='${localstatedir}/run'
sbindir='${exec_prefix}/sbin'
sharedstatedir='${prefix}/com'
sysconfdir='${prefix}/etc'
target_alias=''

## ----------- ##
## confdefs.h. ##
## ----------- ##

/* confdefs.h */
#define PACKAGE_NAME "calcurse"
#define PACKAGE_TARNAME "calcurse"
#define PACKAGE_VERSION "4.5.1"
#define PACKAGE_STRING "calcurse 4.5.1"
#define PACKAGE_BUGREPORT "bugs@calcurse.org"
#define PACKAGE_URL ""
#define PACKAGE "calcurse"
#define VERSION "4.5.1"
#define ENABLE_NLS 1
#define HAVE_GETTEXT 1
#define HAVE_DCGETTEXT 1
#define STDC_HEADERS 1
#define HAVE_SYS_TYPES_H 1
#define HAVE_SYS_STAT_H 1
#define HAVE_STDLIB_H 1
#define HAVE_STRING_H 1
#define HAVE_MEMORY_H 1
#define HAVE_STRINGS_H 1
#define HAVE_INTTYPES_H 1
#define HAVE_STDINT_H 1
#define HAVE_UNISTD_H 1
#define HAVE_CTYPE_H 1
#define HAVE_GETOPT_H 1
#define HAVE_LOCALE_H 1
#define HAVE_MATH_H 1
#define HAVE_SIGNAL_H 1
#define HAVE_STDIO_H 1
#define HAVE_STDLIB_H 1
#define HAVE_STRING_H 1
#define HAVE_SYS_STAT_H 1
#define HAVE_SYS_TYPES_H 1
#define HAVE_SYS_WAIT_H 1
#define HAVE_TIME_H 1
#define HAVE_UNISTD_H 1
#define HAVE_FCNTL_H 1
#define HAVE_PATHS_H 1
#define HAVE_ERRNO_H 1
#define HAVE_LIMITS_H 1
#define HAVE_REGEX_H 1
#define HAVE_NCURSESW_NCURSES_H 1
#define HAVE_PTHREAD_H 1
#define HAVE_LIBPTHREAD 1
#define HAVE_MATH_H 1
#define HAVE_LIBMATH 1
#define CALCURSE_MEMORY_DEBUG_DISABLED 1

configure: exit 0
